\BOOKMARK [1][]{section.1}{\376\377\000I\000n\000t\000r\000o\000d\000u\000c\000t\000i\000o\000n}{}% 1
\BOOKMARK [1][]{section.2}{\376\377\000M\000e\000t\000h\000o\000d\000o\000l\000o\000g\000y}{}% 2
\BOOKMARK [1][]{section.3}{\376\377\000N\000u\000m\000e\000r\000i\000c\000a\000l\000\040\000s\000e\000t\000u\000p\000\040\000a\000n\000d\000\040\000c\000a\000s\000e\000\040\000d\000e\000s\000c\000r\000i\000p\000t\000i\000o\000n}{}% 3
\BOOKMARK [2][]{subsection.3.1}{\376\377\000S\000i\000m\000u\000l\000a\000t\000i\000o\000n\000\040\000s\000e\000t\000u\000p}{section.3}% 4
\BOOKMARK [2][]{subsection.3.2}{\376\377\000C\000o\000n\000t\000r\000o\000l\000\040\000c\000a\000s\000e\000s}{section.3}% 5
\BOOKMARK [1][]{section.4}{\376\377\000R\000e\000s\000u\000l\000t\000s\000\040\000\046\000\040\000d\000i\000s\000c\000u\000s\000s\000i\000o\000n}{}% 6
\BOOKMARK [2][]{subsection.4.1}{\376\377\000C\000o\000n\000v\000e\000r\000g\000e\000n\000c\000e\000\040\000b\000e\000h\000a\000v\000i\000o\000r}{section.4}% 7
\BOOKMARK [2][]{subsection.4.2}{\376\377\000U\000n\000i\000f\000o\000r\000m\000\040\000i\000n\000f\000l\000o\000w}{section.4}% 8
\BOOKMARK [3][]{subsubsection.4.2.1}{\376\377\000P\000o\000w\000e\000r\000\040\000e\000x\000t\000r\000a\000c\000t\000i\000o\000n\000\040\000a\000n\000d\000\040\000w\000i\000n\000d\000-\000f\000a\000r\000m\000\040\000e\000f\000f\000i\000c\000i\000e\000n\000c\000y}{subsection.4.2}% 9
\BOOKMARK [3][]{subsubsection.4.2.2}{\376\377\000Y\000a\000w\000\040\000c\000h\000a\000r\000a\000c\000t\000e\000r\000i\000s\000t\000i\000c\000s}{subsection.4.2}% 10
\BOOKMARK [3][]{subsubsection.4.2.3}{\376\377\000I\000n\000d\000u\000c\000t\000i\000o\000n\000\040\000c\000h\000a\000r\000a\000c\000t\000e\000r\000i\000s\000t\000i\000c\000s}{subsection.4.2}% 11
\BOOKMARK [2][]{subsection.4.3}{\376\377\000T\000u\000r\000b\000u\000l\000e\000n\000t\000\040\000i\000n\000f\000l\000o\000w}{section.4}% 12
\BOOKMARK [3][]{subsubsection.4.3.1}{\376\377\000P\000o\000w\000e\000r\000\040\000e\000x\000t\000r\000a\000c\000t\000i\000o\000n\000\040\000a\000n\000d\000\040\000w\000i\000n\000d\000-\000f\000a\000r\000m\000\040\000e\000f\000f\000i\000c\000i\000e\000n\000c\000y}{subsection.4.3}% 13
\BOOKMARK [3][]{subsubsection.4.3.2}{\376\377\000Y\000a\000w\000\040\000c\000h\000a\000r\000a\000c\000t\000e\000r\000i\000s\000t\000i\000c\000s}{subsection.4.3}% 14
\BOOKMARK [3][]{subsubsection.4.3.3}{\376\377\000I\000n\000d\000u\000c\000t\000i\000o\000n\000\040\000c\000h\000a\000r\000a\000c\000t\000e\000r\000i\000s\000t\000i\000c\000s}{subsection.4.3}% 15
\BOOKMARK [2][]{subsection.4.4}{\376\377\000D\000i\000s\000c\000u\000s\000s\000i\000o\000n}{section.4}% 16
\BOOKMARK [1][]{section.5}{\376\377\000S\000u\000m\000m\000a\000r\000y}{}% 17
\BOOKMARK [1][]{section.A.}{\376\377\000D\000e\000r\000i\000v\000a\000t\000i\000o\000n\000\040\000a\000n\000d\000\040\000v\000e\000r\000i\000f\000i\000c\000a\000t\000i\000o\000n\000\040\000o\000f\000\040\000t\000h\000e\000\040\000a\000d\000j\000o\000i\000n\000t\000\040\000y\000a\000w\000\040\000a\000n\000g\000l\000e\000\040\000e\000q\000u\000a\000t\000i\000o\000n\000\040\000t\000h\000e\000\040\000a\000d\000j\000o\000i\000n\000t\000\040\000g\000r\000a\000d\000i\000e\000n\000t}{}% 18
\BOOKMARK [2][]{subsection.A.1}{\376\377\000D\000e\000f\000i\000n\000i\000t\000i\000o\000n\000\040\000o\000f\000\040\000i\000n\000n\000e\000r\000\040\000p\000r\000o\000d\000u\000c\000t\000s\000\040\000a\000n\000d\000\040\000f\000u\000n\000c\000t\000i\000o\000n\000a\000l\000\040\000g\000r\000a\000d\000i\000e\000n\000t\000s}{section.A.}% 19
\BOOKMARK [2][]{subsection.A.2}{\376\377\000D\000e\000f\000i\000n\000i\000t\000i\000o\000n\000\040\000o\000f\000\040\000L\000a\000g\000r\000a\000n\000g\000i\000a\000n\000\040\000f\000u\000n\000c\000t\000i\000o\000n\000a\000l}{section.A.}% 20
\BOOKMARK [2][]{subsection.A.3}{\376\377\000D\000e\000r\000i\000v\000a\000t\000i\000o\000n\000\040\000o\000f\000\040\000a\000d\000j\000o\000i\000n\000t\000\040\000g\000r\000a\000d\000i\000e\000n\000t}{section.A.}% 21
\BOOKMARK [2][]{subsection.A.4}{\376\377\000D\000e\000r\000i\000v\000a\000t\000i\000o\000n\000\040\000o\000f\000\040\000a\000d\000j\000o\000i\000n\000t\000\040\000y\000a\000w\000\040\000a\000n\000g\000l\000e\000\040\000e\000q\000u\000a\000t\000i\000o\000n}{section.A.}% 22
\BOOKMARK [3][]{subsubsection.A.4.1}{\376\377\000A\000d\000j\000o\000i\000n\000t\000\040\000d\000i\000s\000k\000\040\000v\000e\000l\000o\000c\000i\000t\000y\000\040\000e\000q\000u\000a\000t\000i\000o\000n}{subsection.A.4}% 23
\BOOKMARK [3][]{subsubsection.A.4.2}{\376\377\000A\000d\000j\000o\000i\000n\000t\000\040\000r\000o\000t\000o\000r\000\040\000f\000o\000o\000t\000p\000r\000i\000n\000t\000\040\000e\000q\000u\000a\000t\000i\000o\000n}{subsection.A.4}% 24
\BOOKMARK [3][]{subsubsection.A.4.3}{\376\377\000A\000d\000j\000o\000i\000n\000t\000\040\000r\000o\000t\000o\000r\000-\000p\000e\000r\000p\000e\000n\000d\000i\000c\000u\000l\000a\000r\000\040\000v\000e\000c\000t\000o\000r\000\040\000e\000q\000u\000a\000t\000i\000o\000n}{subsection.A.4}% 25
\BOOKMARK [3][]{subsubsection.A.4.4}{\376\377\000A\000d\000j\000o\000i\000n\000t\000\040\000y\000a\000w\000\040\000a\000n\000g\000l\000e\000\040\000e\000q\000u\000a\000t\000i\000o\000n}{subsection.A.4}% 26
\BOOKMARK [2][]{subsection.A.5}{\376\377\000V\000e\000r\000i\000f\000i\000c\000a\000t\000i\000o\000n\000\040\000o\000f\000\040\000a\000d\000j\000o\000i\000n\000t\000\040\000g\000r\000a\000d\000i\000e\000n\000t}{section.A.}% 27
\BOOKMARK [1][]{figure.3}{\376\377\000R\000e\000f\000e\000r\000e\000n\000c\000e\000s}{}% 28
